<?xml version="1.0" encoding="UTF-8"?>
<testng-results skipped="0" failed="0" ignored="0" total="1" passed="1">
  <reporter-output>
  </reporter-output>
  <suite name="Surefire suite" duration-ms="95921" started-at="2021-07-20T16:02:56Z" finished-at="2021-07-20T16:04:31Z">
    <groups>
      <group name="cucumber">
        <method signature="AbstractTestNGCucumberTests.runScenario(io.cucumber.testng.PickleEventWrapper, io.cucumber.testng.CucumberFeatureWrapper)[pri:0, instance:Runner.TestRunner@26f67b76]" name="runScenario" class="io.cucumber.testng.AbstractTestNGCucumberTests"/>
      </group> <!-- cucumber -->
    </groups>
    <test name="Surefire test" duration-ms="95921" started-at="2021-07-20T16:02:56Z" finished-at="2021-07-20T16:04:31Z">
      <class name="Runner.TestRunner">
        <test-method status="PASS" signature="setUpClass()[pri:0, instance:Runner.TestRunner@26f67b76]" name="setUpClass" is-config="true" duration-ms="251" started-at="2021-07-20T16:02:56Z" finished-at="2021-07-20T16:02:56Z">
          <reporter-output>
          </reporter-output>
        </test-method> <!-- setUpClass -->
        <test-method status="PASS" signature="runScenario(io.cucumber.testng.PickleEventWrapper, io.cucumber.testng.CucumberFeatureWrapper)[pri:0, instance:Runner.TestRunner@26f67b76]" name="runScenario" duration-ms="95352" started-at="2021-07-20T16:02:56Z" description="Runs Cucumber Scenarios" data-provider="scenarios" finished-at="2021-07-20T16:04:31Z">
          <params>
            <param index="0">
              <value>
                <![CDATA["Scenario Alexandrie1"]]>
              </value>
            </param>
            <param index="1">
              <value>
                <![CDATA["AlexandrieScenarioFeature"]]>
              </value>
            </param>
          </params>
          <reporter-output>
          </reporter-output>
        </test-method> <!-- runScenario -->
        <test-method status="PASS" signature="tearDownClass()[pri:0, instance:Runner.TestRunner@26f67b76]" name="tearDownClass" is-config="true" duration-ms="133" started-at="2021-07-20T16:04:31Z" finished-at="2021-07-20T16:04:31Z">
          <reporter-output>
          </reporter-output>
        </test-method> <!-- tearDownClass -->
      </class> <!-- Runner.TestRunner -->
    </test> <!-- Surefire test -->
  </suite> <!-- Surefire suite -->
</testng-results>
